<?xml version="1.0" encoding="UTF-8"?>
<!-- Generated by org.testng.reporters.JUnitReportReporter -->
<testsuite hostname="DESKTOP-4SB8VJN" failures="0" tests="3" name="testCases.BrandsTestCase" time="9.963" errors="0" timestamp="2024-07-04T14:29:14 IST" skipped="0">
  <testcase classname="testCases.BrandsTestCase" name="logIn" time="4.634"/>
  <testcase classname="testCases.BrandsTestCase" name="addBrands" time="3.036"/>
  <testcase classname="testCases.BrandsTestCase" name="SearchCategory" time="2.293"/>
</testsuite> <!-- testCases.BrandsTestCase -->
