<?xml version="1.0" encoding="UTF-8"?>
<!-- Generated by org.testng.reporters.JUnitReportReporter -->
<testsuite hostname="DESKTOP-4SB8VJN" failures="0" tests="4" name="testCases.UnitTestCase" time="21.070" errors="0" timestamp="2024-07-05T11:01:26 IST" skipped="0">
  <testcase classname="testCases.UnitTestCase" name="logIn" time="7.860"/>
  <testcase classname="testCases.UnitTestCase" name="Add_units" time="4.229"/>
  <testcase classname="testCases.UnitTestCase" name="search_units" time="2.954"/>
  <testcase classname="testCases.UnitTestCase" name="deleteUnits" time="6.027"/>
</testsuite> <!-- testCases.UnitTestCase -->
