<?xml version="1.0" encoding="UTF-8"?>
<!-- Generated by org.testng.reporters.JUnitReportReporter -->
<testsuite hostname="DESKTOP-4SB8VJN" failures="0" tests="2" name="testCases.AddProductTC" time="16.810" errors="0" timestamp="2024-07-04T14:33:41 IST" skipped="0">
  <testcase classname="testCases.AddProductTC" name="logIn" time="3.357"/>
  <testcase classname="testCases.AddProductTC" name="addProduct" time="13.453"/>
</testsuite> <!-- testCases.AddProductTC -->
