<?xml version="1.0" encoding="UTF-8"?>
<!-- Generated by org.testng.reporters.JUnitReportReporter -->
<testsuite hostname="DESKTOP-4SB8VJN" failures="0" tests="4" name="testCases.CategoryTC" time="14.499" errors="0" timestamp="2024-07-04T14:28:43 IST" skipped="0">
  <testcase classname="testCases.CategoryTC" name="logIn" time="3.310"/>
  <testcase classname="testCases.CategoryTC" name="add_category" time="3.193"/>
  <testcase classname="testCases.CategoryTC" name="SearchCategory" time="2.239"/>
  <testcase classname="testCases.CategoryTC" name="deleteCategory" time="5.757"/>
</testsuite> <!-- testCases.CategoryTC -->
